0 info it worked if it ends with ok
1 verbose cli [ '/Users/dinhquangtrung/.nvm/versions/node/v4.2.3/bin/node',
1 verbose cli   '/Users/dinhquangtrung/.nvm/versions/node/v4.2.3/bin/npm',
1 verbose cli   'install',
1 verbose cli   '--save',
1 verbose cli   'quadtree-js' ]
2 info using npm@3.5.1
3 info using node@v4.2.3
4 silly loadCurrentTree Starting
5 silly install loadCurrentTree
6 silly install readLocalPackageData
7 silly fetchPackageMetaData quadtree-js
8 silly fetchNamedPackageData quadtree-js
9 silly mapToRegistry name quadtree-js
10 silly mapToRegistry using default registry
11 silly mapToRegistry registry https://registry.npmjs.org/
12 silly mapToRegistry uri https://registry.npmjs.org/quadtree-js
13 verbose request uri https://registry.npmjs.org/quadtree-js
14 verbose request no auth needed
15 info attempt registry request try #1 at 1:40:38 PM
16 verbose request using bearer token for auth
17 verbose request id c571f512fb30830e
18 http request GET https://registry.npmjs.org/quadtree-js
19 http 404 https://registry.npmjs.org/quadtree-js
20 verbose headers { 'content-type': 'application/json',
20 verbose headers   'cache-control': 'max-age=0',
20 verbose headers   'content-length': '2',
20 verbose headers   'accept-ranges': 'bytes',
20 verbose headers   date: 'Thu, 16 Jun 2016 06:40:50 GMT',
20 verbose headers   via: '1.1 varnish',
20 verbose headers   connection: 'keep-alive',
20 verbose headers   'x-served-by': 'cache-hkg6820-HKG',
20 verbose headers   'x-cache': 'MISS',
20 verbose headers   'x-cache-hits': '0',
20 verbose headers   'x-timer': 'S1466059249.583816,VS0,VE771',
20 verbose headers   vary: 'Accept-Encoding' }
21 silly get cb [ 404,
21 silly get   { 'content-type': 'application/json',
21 silly get     'cache-control': 'max-age=0',
21 silly get     'content-length': '2',
21 silly get     'accept-ranges': 'bytes',
21 silly get     date: 'Thu, 16 Jun 2016 06:40:50 GMT',
21 silly get     via: '1.1 varnish',
21 silly get     connection: 'keep-alive',
21 silly get     'x-served-by': 'cache-hkg6820-HKG',
21 silly get     'x-cache': 'MISS',
21 silly get     'x-cache-hits': '0',
21 silly get     'x-timer': 'S1466059249.583816,VS0,VE771',
21 silly get     vary: 'Accept-Encoding' } ]
22 silly fetchPackageMetaData Error: Registry returned 404 for GET on https://registry.npmjs.org/quadtree-js
22 silly fetchPackageMetaData     at makeError (/Users/dinhquangtrung/.nvm/versions/node/v4.2.3/lib/node_modules/npm/node_modules/npm-registry-client/lib/request.js:264:12)
22 silly fetchPackageMetaData     at CachingRegistryClient.<anonymous> (/Users/dinhquangtrung/.nvm/versions/node/v4.2.3/lib/node_modules/npm/node_modules/npm-registry-client/lib/request.js:242:14)
22 silly fetchPackageMetaData     at Request._callback (/Users/dinhquangtrung/.nvm/versions/node/v4.2.3/lib/node_modules/npm/node_modules/npm-registry-client/lib/request.js:172:14)
22 silly fetchPackageMetaData     at Request.self.callback (/Users/dinhquangtrung/.nvm/versions/node/v4.2.3/lib/node_modules/npm/node_modules/request/request.js:198:22)
22 silly fetchPackageMetaData     at emitTwo (events.js:87:13)
22 silly fetchPackageMetaData     at Request.emit (events.js:172:7)
22 silly fetchPackageMetaData     at Request.<anonymous> (/Users/dinhquangtrung/.nvm/versions/node/v4.2.3/lib/node_modules/npm/node_modules/request/request.js:1082:10)
22 silly fetchPackageMetaData     at emitOne (events.js:82:20)
22 silly fetchPackageMetaData     at Request.emit (events.js:169:7)
22 silly fetchPackageMetaData     at IncomingMessage.<anonymous> (/Users/dinhquangtrung/.nvm/versions/node/v4.2.3/lib/node_modules/npm/node_modules/request/request.js:1009:12)
22 silly fetchPackageMetaData  error for quadtree-js { [Error: Registry returned 404 for GET on https://registry.npmjs.org/quadtree-js] pkgid: 'quadtree-js', statusCode: 404, code: 'E404' }
23 silly rollbackFailedOptional Starting
24 silly rollbackFailedOptional Finishing
25 silly runTopLevelLifecycles Starting
26 silly runTopLevelLifecycles Finishing
27 silly install printInstalled
28 verbose stack Error: Registry returned 404 for GET on https://registry.npmjs.org/quadtree-js
28 verbose stack     at makeError (/Users/dinhquangtrung/.nvm/versions/node/v4.2.3/lib/node_modules/npm/node_modules/npm-registry-client/lib/request.js:264:12)
28 verbose stack     at CachingRegistryClient.<anonymous> (/Users/dinhquangtrung/.nvm/versions/node/v4.2.3/lib/node_modules/npm/node_modules/npm-registry-client/lib/request.js:242:14)
28 verbose stack     at Request._callback (/Users/dinhquangtrung/.nvm/versions/node/v4.2.3/lib/node_modules/npm/node_modules/npm-registry-client/lib/request.js:172:14)
28 verbose stack     at Request.self.callback (/Users/dinhquangtrung/.nvm/versions/node/v4.2.3/lib/node_modules/npm/node_modules/request/request.js:198:22)
28 verbose stack     at emitTwo (events.js:87:13)
28 verbose stack     at Request.emit (events.js:172:7)
28 verbose stack     at Request.<anonymous> (/Users/dinhquangtrung/.nvm/versions/node/v4.2.3/lib/node_modules/npm/node_modules/request/request.js:1082:10)
28 verbose stack     at emitOne (events.js:82:20)
28 verbose stack     at Request.emit (events.js:169:7)
28 verbose stack     at IncomingMessage.<anonymous> (/Users/dinhquangtrung/.nvm/versions/node/v4.2.3/lib/node_modules/npm/node_modules/request/request.js:1009:12)
29 verbose statusCode 404
30 verbose pkgid quadtree-js
31 verbose cwd /Users/dinhquangtrung/Documents/SSS/firebase-example
32 error Darwin 15.5.0
33 error argv "/Users/dinhquangtrung/.nvm/versions/node/v4.2.3/bin/node" "/Users/dinhquangtrung/.nvm/versions/node/v4.2.3/bin/npm" "install" "--save" "quadtree-js"
34 error node v4.2.3
35 error npm  v3.5.1
36 error code E404
37 error 404 Registry returned 404 for GET on https://registry.npmjs.org/quadtree-js
38 error 404
39 error 404 'quadtree-js' is not in the npm registry.
40 error 404 You should bug the author to publish it (or use the name yourself!)
41 error 404 Note that you can also install from a
42 error 404 tarball, folder, http url, or git url.
43 verbose exit [ 1, true ]
